Aug 14 2016 22:23:30
{"Number":2,"Message":"stream_socket_client(): SSL: Connection refused","File":"\/home\/ubuntu\/workspace\/wp-content\/plugins\/all-in-one-wp-migration\/lib\/model\/class-ai1wm-streams.php","Line":147}

Aug 14 2016 22:23:30
{"Number":2,"Message":"stream_socket_client(): Failed to enable crypto","File":"\/home\/ubuntu\/workspace\/wp-content\/plugins\/all-in-one-wp-migration\/lib\/model\/class-ai1wm-streams.php","Line":147}

Aug 14 2016 22:23:30
{"Number":2,"Message":"stream_socket_client(): unable to connect to ssl:\/\/172.17.220.153:443 (Unknown error)","File":"\/home\/ubuntu\/workspace\/wp-content\/plugins\/all-in-one-wp-migration\/lib\/model\/class-ai1wm-streams.php","Line":147}

Aug 14 2016 22:43:06
{"Number":8,"Message":"unserialize(): Error at offset 561 of 3150 bytes","File":"\/home\/ubuntu\/workspace\/wp-content\/plugins\/all-in-one-wp-migration\/lib\/vendor\/servmask\/database\/class-ai1wm-database-utility.php","Line":57}

Aug 14 2016 22:43:06
{"Number":8,"Message":"unserialize(): Error at offset 563 of 3164 bytes","File":"\/home\/ubuntu\/workspace\/wp-content\/plugins\/all-in-one-wp-migration\/lib\/vendor\/servmask\/database\/class-ai1wm-database-utility.php","Line":57}

Aug 14 2016 22:43:06
{"Number":8,"Message":"unserialize(): Error at offset 543 of 3054 bytes","File":"\/home\/ubuntu\/workspace\/wp-content\/plugins\/all-in-one-wp-migration\/lib\/vendor\/servmask\/database\/class-ai1wm-database-utility.php","Line":57}

Aug 14 2016 22:43:06
{"Number":8,"Message":"unserialize(): Error at offset 575 of 3129 bytes","File":"\/home\/ubuntu\/workspace\/wp-content\/plugins\/all-in-one-wp-migration\/lib\/vendor\/servmask\/database\/class-ai1wm-database-utility.php","Line":57}

Aug 14 2016 22:43:06
{"Number":8,"Message":"unserialize(): Error at offset 542 of 2956 bytes","File":"\/home\/ubuntu\/workspace\/wp-content\/plugins\/all-in-one-wp-migration\/lib\/vendor\/servmask\/database\/class-ai1wm-database-utility.php","Line":57}

Aug 17 2016 17:41:28
{"Number":2,"Message":"stream_socket_client(): SSL: Connection refused","File":"\/home\/ubuntu\/workspace\/wp-content\/plugins\/all-in-one-wp-migration\/lib\/model\/class-ai1wm-streams.php","Line":147}

Aug 17 2016 17:41:28
{"Number":2,"Message":"stream_socket_client(): Failed to enable crypto","File":"\/home\/ubuntu\/workspace\/wp-content\/plugins\/all-in-one-wp-migration\/lib\/model\/class-ai1wm-streams.php","Line":147}

Aug 17 2016 17:41:28
{"Number":2,"Message":"stream_socket_client(): unable to connect to ssl:\/\/172.17.22.226:443 (Unknown error)","File":"\/home\/ubuntu\/workspace\/wp-content\/plugins\/all-in-one-wp-migration\/lib\/model\/class-ai1wm-streams.php","Line":147}

